This is pdfTeX, Version 3.141592653-2.6-1.40.24 (TeX Live 2022) (preloaded format=pdflatex 2022.4.25)  25 APR 2022 18:25
entering extended mode
 restricted \write18 enabled.
 %&-line parsing enabled.
**01_FAIR_epi_report.tex
(./01_FAIR_epi_report.tex
LaTeX2e <2021-11-15> patch level 1
L3 programming layer <2022-04-20> (/home/petra/.TinyTeX/texmf-dist/tex/latex/base/article.cls
Document Class: article 2021/10/04 v1.4n Standard LaTeX document class
(/home/petra/.TinyTeX/texmf-dist/tex/latex/base/size10.clo
File: size10.clo 2021/10/04 v1.4n Standard LaTeX file (size option)
)
\c@part=\count185
\c@section=\count186
\c@subsection=\count187
\c@subsubsection=\count188
\c@paragraph=\count189
\c@subparagraph=\count190
\c@figure=\count191
\c@table=\count192
\abovecaptionskip=\skip47
\belowcaptionskip=\skip48
\bibindent=\dimen138
) (/home/petra/.TinyTeX/texmf-dist/tex/latex/amsmath/amsmath.sty
Package: amsmath 2021/10/15 v2.17l AMS math features
\@mathmargin=\skip49
For additional information on amsmath, use the `?' option.
(/home/petra/.TinyTeX/texmf-dist/tex/latex/amsmath/amstext.sty
Package: amstext 2021/08/26 v2.01 AMS text
(/home/petra/.TinyTeX/texmf-dist/tex/latex/amsmath/amsgen.sty
File: amsgen.sty 1999/11/30 v2.0 generic functions
\@emptytoks=\toks16
\ex@=\dimen139
)) (/home/petra/.TinyTeX/texmf-dist/tex/latex/amsmath/amsbsy.sty
Package: amsbsy 1999/11/29 v1.2d Bold Symbols
\pmbraise@=\dimen140
) (/home/petra/.TinyTeX/texmf-dist/tex/latex/amsmath/amsopn.sty
Package: amsopn 2021/08/26 v2.02 operator names
)
\inf@bad=\count193
LaTeX Info: Redefining \frac on input line 234.
\uproot@=\count194
\leftroot@=\count195
LaTeX Info: Redefining \overline on input line 399.
\classnum@=\count196
\DOTSCASE@=\count197
LaTeX Info: Redefining \ldots on input line 496.
LaTeX Info: Redefining \dots on input line 499.
LaTeX Info: Redefining \cdots on input line 620.
\Mathstrutbox@=\box50
\strutbox@=\box51
\big@size=\dimen141
LaTeX Font Info:    Redeclaring font encoding OML on input line 743.
LaTeX Font Info:    Redeclaring font encoding OMS on input line 744.
\macc@depth=\count198
\c@MaxMatrixCols=\count199
\dotsspace@=\muskip16
\c@parentequation=\count266
\dspbrk@lvl=\count267
\tag@help=\toks17
\row@=\count268
\column@=\count269
\maxfields@=\count270
\andhelp@=\toks18
\eqnshift@=\dimen142
\alignsep@=\dimen143
\tagshift@=\dimen144
\tagwidth@=\dimen145
\totwidth@=\dimen146
\lineht@=\dimen147
\@envbody=\toks19
\multlinegap=\skip50
\multlinetaggap=\skip51
\mathdisplay@stack=\toks20
LaTeX Info: Redefining \[ on input line 2938.
LaTeX Info: Redefining \] on input line 2939.
) (/home/petra/.TinyTeX/texmf-dist/tex/latex/amsfonts/amssymb.sty
Package: amssymb 2013/01/14 v3.01 AMS font symbols
(/home/petra/.TinyTeX/texmf-dist/tex/latex/amsfonts/amsfonts.sty
Package: amsfonts 2013/01/14 v3.01 Basic AMSFonts support
\symAMSa=\mathgroup4
\symAMSb=\mathgroup5
LaTeX Font Info:    Redeclaring math symbol \hbar on input line 98.
LaTeX Font Info:    Overwriting math alphabet `\mathfrak' in version `bold'
(Font)                  U/euf/m/n --> U/euf/b/n on input line 106.
)) (/home/petra/.TinyTeX/texmf-dist/tex/latex/lm/lmodern.sty
Package: lmodern 2015/05/01 v1.6.1 Latin Modern Fonts
LaTeX Font Info:    Overwriting symbol font `operators' in version `normal'
(Font)                  OT1/cmr/m/n --> OT1/lmr/m/n on input line 22.
LaTeX Font Info:    Overwriting symbol font `letters' in version `normal'
(Font)                  OML/cmm/m/it --> OML/lmm/m/it on input line 23.
LaTeX Font Info:    Overwriting symbol font `symbols' in version `normal'
(Font)                  OMS/cmsy/m/n --> OMS/lmsy/m/n on input line 24.
LaTeX Font Info:    Overwriting symbol font `largesymbols' in version `normal'
(Font)                  OMX/cmex/m/n --> OMX/lmex/m/n on input line 25.
LaTeX Font Info:    Overwriting symbol font `operators' in version `bold'
(Font)                  OT1/cmr/bx/n --> OT1/lmr/bx/n on input line 26.
LaTeX Font Info:    Overwriting symbol font `letters' in version `bold'
(Font)                  OML/cmm/b/it --> OML/lmm/b/it on input line 27.
LaTeX Font Info:    Overwriting symbol font `symbols' in version `bold'
(Font)                  OMS/cmsy/b/n --> OMS/lmsy/b/n on input line 28.
LaTeX Font Info:    Overwriting symbol font `largesymbols' in version `bold'
(Font)                  OMX/cmex/m/n --> OMX/lmex/m/n on input line 29.
LaTeX Font Info:    Overwriting math alphabet `\mathbf' in version `normal'
(Font)                  OT1/cmr/bx/n --> OT1/lmr/bx/n on input line 31.
LaTeX Font Info:    Overwriting math alphabet `\mathsf' in version `normal'
(Font)                  OT1/cmss/m/n --> OT1/lmss/m/n on input line 32.
LaTeX Font Info:    Overwriting math alphabet `\mathit' in version `normal'
(Font)                  OT1/cmr/m/it --> OT1/lmr/m/it on input line 33.
LaTeX Font Info:    Overwriting math alphabet `\mathtt' in version `normal'
(Font)                  OT1/cmtt/m/n --> OT1/lmtt/m/n on input line 34.
LaTeX Font Info:    Overwriting math alphabet `\mathbf' in version `bold'
(Font)                  OT1/cmr/bx/n --> OT1/lmr/bx/n on input line 35.
LaTeX Font Info:    Overwriting math alphabet `\mathsf' in version `bold'
(Font)                  OT1/cmss/bx/n --> OT1/lmss/bx/n on input line 36.
LaTeX Font Info:    Overwriting math alphabet `\mathit' in version `bold'
(Font)                  OT1/cmr/bx/it --> OT1/lmr/bx/it on input line 37.
LaTeX Font Info:    Overwriting math alphabet `\mathtt' in version `bold'
(Font)                  OT1/cmtt/m/n --> OT1/lmtt/m/n on input line 38.
) (/home/petra/.TinyTeX/texmf-dist/tex/generic/iftex/iftex.sty
Package: iftex 2022/02/03 v1.0f TeX engine tests
) (/home/petra/.TinyTeX/texmf-dist/tex/latex/base/fontenc.sty
Package: fontenc 2021/04/29 v2.0v Standard LaTeX package
LaTeX Font Info:    Trying to load font information for T1+lmr on input line 112.
(/home/petra/.TinyTeX/texmf-dist/tex/latex/lm/t1lmr.fd
File: t1lmr.fd 2015/05/01 v1.6.1 Font defs for Latin Modern
)) (/home/petra/.TinyTeX/texmf-dist/tex/latex/base/inputenc.sty
Package: inputenc 2021/02/14 v1.3d Input encoding file
\inpenc@prehook=\toks21
\inpenc@posthook=\toks22
) (/home/petra/.TinyTeX/texmf-dist/tex/latex/base/textcomp.sty
Package: textcomp 2020/02/02 v2.0n Standard LaTeX package
) (/home/petra/.TinyTeX/texmf-dist/tex/latex/xcolor/xcolor.sty
Package: xcolor 2021/10/31 v2.13 LaTeX color extensions (UK)
(/home/petra/.TinyTeX/texmf-dist/tex/latex/graphics-cfg/color.cfg
File: color.cfg 2016/01/02 v1.6 sample color configuration
)
Package xcolor Info: Driver file: pdftex.def on input line 227.
(/home/petra/.TinyTeX/texmf-dist/tex/latex/graphics-def/pdftex.def
File: pdftex.def 2020/10/05 v1.2a Graphics/color driver for pdftex
)
Package xcolor Info: Model `cmy' substituted by `cmy0' on input line 1352.
Package xcolor Info: Model `hsb' substituted by `rgb' on input line 1356.
Package xcolor Info: Model `RGB' extended on input line 1368.
Package xcolor Info: Model `HTML' substituted by `rgb' on input line 1370.
Package xcolor Info: Model `Hsb' substituted by `hsb' on input line 1371.
Package xcolor Info: Model `tHsb' substituted by `hsb' on input line 1372.
Package xcolor Info: Model `HSB' substituted by `hsb' on input line 1373.
Package xcolor Info: Model `Gray' substituted by `gray' on input line 1374.
Package xcolor Info: Model `wave' substituted by `hsb' on input line 1375.
) (/home/petra/.TinyTeX/texmf-dist/tex/latex/hyperref/hyperref.sty
Package: hyperref 2022-02-21 v7.00n Hypertext links for LaTeX
(/home/petra/.TinyTeX/texmf-dist/tex/generic/ltxcmds/ltxcmds.sty
Package: ltxcmds 2020-05-10 v1.25 LaTeX kernel commands for general use (HO)
) (/home/petra/.TinyTeX/texmf-dist/tex/generic/pdftexcmds/pdftexcmds.sty
Package: pdftexcmds 2020-06-27 v0.33 Utility functions of pdfTeX for LuaTeX (HO)
(/home/petra/.TinyTeX/texmf-dist/tex/generic/infwarerr/infwarerr.sty
Package: infwarerr 2019/12/03 v1.5 Providing info/warning/error messages (HO)
)
Package pdftexcmds Info: \pdf@primitive is available.
Package pdftexcmds Info: \pdf@ifprimitive is available.
Package pdftexcmds Info: \pdfdraftmode found.
) (/home/petra/.TinyTeX/texmf-dist/tex/latex/graphics/keyval.sty
Package: keyval 2014/10/28 v1.15 key=value parser (DPC)
\KV@toks@=\toks23
) (/home/petra/.TinyTeX/texmf-dist/tex/generic/kvsetkeys/kvsetkeys.sty
Package: kvsetkeys 2019/12/15 v1.18 Key value parser (HO)
) (/home/petra/.TinyTeX/texmf-dist/tex/generic/kvdefinekeys/kvdefinekeys.sty
Package: kvdefinekeys 2019-12-19 v1.6 Define keys (HO)
) (/home/petra/.TinyTeX/texmf-dist/tex/generic/pdfescape/pdfescape.sty
Package: pdfescape 2019/12/09 v1.15 Implements pdfTeX's escape features (HO)
) (/home/petra/.TinyTeX/texmf-dist/tex/latex/hycolor/hycolor.sty
Package: hycolor 2020-01-27 v1.10 Color options for hyperref/bookmark (HO)
) (/home/petra/.TinyTeX/texmf-dist/tex/latex/letltxmacro/letltxmacro.sty
Package: letltxmacro 2019/12/03 v1.6 Let assignment for LaTeX macros (HO)
) (/home/petra/.TinyTeX/texmf-dist/tex/latex/auxhook/auxhook.sty
Package: auxhook 2019-12-17 v1.6 Hooks for auxiliary files (HO)
) (/home/petra/.TinyTeX/texmf-dist/tex/latex/kvoptions/kvoptions.sty
Package: kvoptions 2020-10-07 v3.14 Key value format for package options (HO)
)
\@linkdim=\dimen148
\Hy@linkcounter=\count271
\Hy@pagecounter=\count272
(/home/petra/.TinyTeX/texmf-dist/tex/latex/hyperref/pd1enc.def
File: pd1enc.def 2022-02-21 v7.00n Hyperref: PDFDocEncoding definition (HO)
Now handling font encoding PD1 ...
... no UTF-8 mapping file for font encoding PD1
) (/home/petra/.TinyTeX/texmf-dist/tex/generic/intcalc/intcalc.sty
Package: intcalc 2019/12/15 v1.3 Expandable calculations with integers (HO)
) (/home/petra/.TinyTeX/texmf-dist/tex/generic/etexcmds/etexcmds.sty
Package: etexcmds 2019/12/15 v1.7 Avoid name clashes with e-TeX commands (HO)
)
\Hy@SavedSpaceFactor=\count273
(/home/petra/.TinyTeX/texmf-dist/tex/latex/hyperref/puenc.def
File: puenc.def 2022-02-21 v7.00n Hyperref: PDF Unicode definition (HO)
Now handling font encoding PU ...
... no UTF-8 mapping file for font encoding PU
)
Package hyperref Info: Option `unicode' set `true' on input line 4018.
Package hyperref Info: Hyper figures OFF on input line 4137.
Package hyperref Info: Link nesting OFF on input line 4142.
Package hyperref Info: Hyper index ON on input line 4145.
Package hyperref Info: Plain pages OFF on input line 4152.
Package hyperref Info: Backreferencing OFF on input line 4157.
Package hyperref Info: Implicit mode ON; LaTeX internals redefined.
Package hyperref Info: Bookmarks ON on input line 4390.
\c@Hy@tempcnt=\count274
(/home/petra/.TinyTeX/texmf-dist/tex/latex/url/url.sty
\Urlmuskip=\muskip17
Package: url 2013/09/16  ver 3.4  Verb mode for urls, etc.
)
LaTeX Info: Redefining \url on input line 4749.
\XeTeXLinkMargin=\dimen149
(/home/petra/.TinyTeX/texmf-dist/tex/generic/bitset/bitset.sty
Package: bitset 2019/12/09 v1.3 Handle bit-vector datatype (HO)
(/home/petra/.TinyTeX/texmf-dist/tex/generic/bigintcalc/bigintcalc.sty
Package: bigintcalc 2019/12/15 v1.5 Expandable calculations on big integers (HO)
))
\Fld@menulength=\count275
\Field@Width=\dimen150
\Fld@charsize=\dimen151
Package hyperref Info: Hyper figures OFF on input line 6027.
Package hyperref Info: Link nesting OFF on input line 6032.
Package hyperref Info: Hyper index ON on input line 6035.
Package hyperref Info: backreferencing OFF on input line 6042.
Package hyperref Info: Link coloring OFF on input line 6047.
Package hyperref Info: Link coloring with OCG OFF on input line 6052.
Package hyperref Info: PDF/A mode OFF on input line 6057.
LaTeX Info: Redefining \ref on input line 6097.
LaTeX Info: Redefining \pageref on input line 6101.
(/home/petra/.TinyTeX/texmf-dist/tex/latex/base/atbegshi-ltx.sty
Package: atbegshi-ltx 2021/01/10 v1.0c Emulation of the original atbegshi
package with kernel methods
)
\Hy@abspage=\count276
\c@Item=\count277
\c@Hfootnote=\count278
)
Package hyperref Info: Driver (autodetected): hpdftex.
(/home/petra/.TinyTeX/texmf-dist/tex/latex/hyperref/hpdftex.def
File: hpdftex.def 2022-02-21 v7.00n Hyperref driver for pdfTeX
(/home/petra/.TinyTeX/texmf-dist/tex/latex/base/atveryend-ltx.sty
Package: atveryend-ltx 2020/08/19 v1.0a Emulation of the original atveryend package
with kernel methods
)
\Fld@listcount=\count279
\c@bookmark@seq@number=\count280
(/home/petra/.TinyTeX/texmf-dist/tex/latex/rerunfilecheck/rerunfilecheck.sty
Package: rerunfilecheck 2019/12/05 v1.9 Rerun checks for auxiliary files (HO)
(/home/petra/.TinyTeX/texmf-dist/tex/generic/uniquecounter/uniquecounter.sty
Package: uniquecounter 2019/12/15 v1.4 Provide unlimited unique counter (HO)
)
Package uniquecounter Info: New unique counter `rerunfilecheck' on input line 286.
)
\Hy@SectionHShift=\skip52
) (/home/petra/.TinyTeX/texmf-dist/tex/latex/geometry/geometry.sty
Package: geometry 2020/01/02 v5.9 Page Geometry
(/home/petra/.TinyTeX/texmf-dist/tex/generic/iftex/ifvtex.sty
Package: ifvtex 2019/10/25 v1.7 ifvtex legacy package. Use iftex instead.
)
\Gm@cnth=\count281
\Gm@cntv=\count282
\c@Gm@tempcnt=\count283
\Gm@bindingoffset=\dimen152
\Gm@wd@mp=\dimen153
\Gm@odd@mp=\dimen154
\Gm@even@mp=\dimen155
\Gm@layoutwidth=\dimen156
\Gm@layoutheight=\dimen157
\Gm@layouthoffset=\dimen158
\Gm@layoutvoffset=\dimen159
\Gm@dimlist=\toks24
) (/home/petra/.TinyTeX/texmf-dist/tex/latex/tools/longtable.sty
Package: longtable 2021-09-01 v4.17 Multi-page Table package (DPC)
\LTleft=\skip53
\LTright=\skip54
\LTpre=\skip55
\LTpost=\skip56
\LTchunksize=\count284
\LTcapwidth=\dimen160
\LT@head=\box52
\LT@firsthead=\box53
\LT@foot=\box54
\LT@lastfoot=\box55
\LT@gbox=\box56
\LT@cols=\count285
\LT@rows=\count286
\c@LT@tables=\count287
\c@LT@chunks=\count288
\LT@p@ftn=\toks25
) (/home/petra/.TinyTeX/texmf-dist/tex/latex/booktabs/booktabs.sty
Package: booktabs 2020/01/12 v1.61803398 Publication quality tables
\heavyrulewidth=\dimen161
\lightrulewidth=\dimen162
\cmidrulewidth=\dimen163
\belowrulesep=\dimen164
\belowbottomsep=\dimen165
\aboverulesep=\dimen166
\abovetopsep=\dimen167
\cmidrulesep=\dimen168
\cmidrulekern=\dimen169
\defaultaddspace=\dimen170
\@cmidla=\count289
\@cmidlb=\count290
\@aboverulesep=\dimen171
\@belowrulesep=\dimen172
\@thisruleclass=\count291
\@lastruleclass=\count292
\@thisrulewidth=\dimen173
) (/home/petra/.TinyTeX/texmf-dist/tex/latex/tools/array.sty
Package: array 2021/10/04 v2.5f Tabular extension package (FMi)
\col@sep=\dimen174
\ar@mcellbox=\box57
\extrarowheight=\dimen175
\NC@list=\toks26
\extratabsurround=\skip57
\backup@length=\skip58
\ar@cellbox=\box58
) (/home/petra/.TinyTeX/texmf-dist/tex/latex/tools/calc.sty
Package: calc 2017/05/25 v4.3 Infix arithmetic (KKT,FJ)
\calc@Acount=\count293
\calc@Bcount=\count294
\calc@Adimen=\dimen176
\calc@Bdimen=\dimen177
\calc@Askip=\skip59
\calc@Bskip=\skip60
LaTeX Info: Redefining \setlength on input line 80.
LaTeX Info: Redefining \addtolength on input line 81.
\calc@Ccount=\count295
\calc@Cskip=\skip61
) (/home/petra/.TinyTeX/texmf-dist/tex/latex/etoolbox/etoolbox.sty
Package: etoolbox 2020/10/05 v2.5k e-TeX tools for LaTeX (JAW)
\etb@tempcnta=\count296
) (/home/petra/.TinyTeX/texmf-dist/tex/latex/mdwtools/footnote.sty
Package: footnote 1997/01/28 1.13 Save footnotes around boxes
\fn@notes=\box59
\fn@width=\dimen178
) (/home/petra/.TinyTeX/texmf-dist/tex/latex/graphics/graphicx.sty
Package: graphicx 2021/09/16 v1.2d Enhanced LaTeX Graphics (DPC,SPQR)
(/home/petra/.TinyTeX/texmf-dist/tex/latex/graphics/graphics.sty
Package: graphics 2021/03/04 v1.4d Standard LaTeX Graphics (DPC,SPQR)
(/home/petra/.TinyTeX/texmf-dist/tex/latex/graphics/trig.sty
Package: trig 2021/08/11 v1.11 sin cos tan (DPC)
) (/home/petra/.TinyTeX/texmf-dist/tex/latex/graphics-cfg/graphics.cfg
File: graphics.cfg 2016/06/04 v1.11 sample graphics configuration
)
Package graphics Info: Driver file: pdftex.def on input line 107.
)
\Gin@req@height=\dimen179
\Gin@req@width=\dimen180
)
\cslhangindent=\skip62
\csllabelwidth=\skip63
\cslentryspacingunit=\skip64
(/home/petra/.TinyTeX/texmf-dist/tex/latex/caption/caption.sty
Package: caption 2022/03/01 v3.6b Customizing captions (AR)
(/home/petra/.TinyTeX/texmf-dist/tex/latex/caption/caption3.sty
Package: caption3 2022/03/17 v2.3b caption3 kernel (AR)
\caption@tempdima=\dimen181
\captionmargin=\dimen182
\caption@leftmargin=\dimen183
\caption@rightmargin=\dimen184
\caption@width=\dimen185
\caption@indent=\dimen186
\caption@parindent=\dimen187
\caption@hangindent=\dimen188
Package caption Info: Standard document class detected.
)
\c@caption@flags=\count297
\c@continuedfloat=\count298
Package caption Info: hyperref package is loaded.
Package caption Info: longtable package is loaded.
(/home/petra/.TinyTeX/texmf-dist/tex/latex/caption/ltcaption.sty
Package: ltcaption 2021/01/08 v1.4c longtable captions (AR)
)) (/home/petra/.TinyTeX/texmf-dist/tex/latex/sourcecodepro/sourcecodepro.sty
Package: sourcecodepro 2018/01/13 v2.7 Adobe's Source Code Pro typeface
(/home/petra/.TinyTeX/texmf-dist/tex/generic/iftex/ifxetex.sty
Package: ifxetex 2019/10/25 v0.7 ifxetex legacy package. Use iftex instead.
) (/home/petra/.TinyTeX/texmf-dist/tex/generic/iftex/ifluatex.sty
Package: ifluatex 2019/10/25 v1.5 ifluatex legacy package. Use iftex instead.
) (/home/petra/.TinyTeX/texmf-dist/tex/latex/xkeyval/xkeyval.sty
Package: xkeyval 2020/11/20 v2.8 package option processing (HA)
(/home/petra/.TinyTeX/texmf-dist/tex/generic/xkeyval/xkeyval.tex (/home/petra/.TinyTeX/texmf-dist/tex/generic/xkeyval/xkvutils.tex
\XKV@toks=\toks27
\XKV@tempa@toks=\toks28
)
\XKV@depth=\count299
File: xkeyval.tex 2014/12/03 v2.7a key=value parser (HA)
)) (/home/petra/.TinyTeX/texmf-dist/tex/latex/base/fontenc.sty
Package: fontenc 2021/04/29 v2.0v Standard LaTeX package
(/home/petra/.TinyTeX/texmf-dist/tex/latex/ly1/ly1enc.def
File: ly1enc.def 2009/07/22 v0.7 TeX 'n ANSI encoding (DPC/KB)
Now handling font encoding LY1 ...
... processing UTF-8 mapping file for font encoding LY1
(/home/petra/.TinyTeX/texmf-dist/tex/latex/base/ly1enc.dfu
File: ly1enc.dfu 2021/06/21 v1.2n UTF-8 support
   defining Unicode char U+00A0 (decimal 160)
   defining Unicode char U+00A1 (decimal 161)
   defining Unicode char U+00A2 (decimal 162)
   defining Unicode char U+00A3 (decimal 163)
   defining Unicode char U+00A4 (decimal 164)
   defining Unicode char U+00A5 (decimal 165)
   defining Unicode char U+00A6 (decimal 166)
   defining Unicode char U+00A7 (decimal 167)
   defining Unicode char U+00AA (decimal 170)
   defining Unicode char U+00AB (decimal 171)
   defining Unicode char U+00AD (decimal 173)
   defining Unicode char U+00AE (decimal 174)
   defining Unicode char U+00B0 (decimal 176)
   defining Unicode char U+00B5 (decimal 181)
   defining Unicode char U+00B6 (decimal 182)
   defining Unicode char U+00B7 (decimal 183)
   defining Unicode char U+00BA (decimal 186)
   defining Unicode char U+00BB (decimal 187)
   defining Unicode char U+00BC (decimal 188)
   defining Unicode char U+00BD (decimal 189)
   defining Unicode char U+00BE (decimal 190)
   defining Unicode char U+00BF (decimal 191)
   defining Unicode char U+00C0 (decimal 192)
   defining Unicode char U+00C1 (decimal 193)
   defining Unicode char U+00C2 (decimal 194)
   defining Unicode char U+00C3 (decimal 195)
   defining Unicode char U+00C4 (decimal 196)
   defining Unicode char U+00C5 (decimal 197)
   defining Unicode char U+00C6 (decimal 198)
   defining Unicode char U+00C7 (decimal 199)
   defining Unicode char U+00C8 (decimal 200)
   defining Unicode char U+00C9 (decimal 201)
   defining Unicode char U+00CA (decimal 202)
   defining Unicode char U+00CB (decimal 203)
   defining Unicode char U+00CC (decimal 204)
   defining Unicode char U+00CD (decimal 205)
   defining Unicode char U+00CE (decimal 206)
   defining Unicode char U+00CF (decimal 207)
   defining Unicode char U+00D0 (decimal 208)
   defining Unicode char U+00D1 (decimal 209)
   defining Unicode char U+00D2 (decimal 210)
   defining Unicode char U+00D3 (decimal 211)
   defining Unicode char U+00D4 (decimal 212)
   defining Unicode char U+00D5 (decimal 213)
   defining Unicode char U+00D6 (decimal 214)
   defining Unicode char U+00D8 (decimal 216)
   defining Unicode char U+00D9 (decimal 217)
   defining Unicode char U+00DA (decimal 218)
   defining Unicode char U+00DB (decimal 219)
   defining Unicode char U+00DC (decimal 220)
   defining Unicode char U+00DD (decimal 221)
   defining Unicode char U+00DE (decimal 222)
   defining Unicode char U+00DF (decimal 223)
   defining Unicode char U+00E0 (decimal 224)
   defining Unicode char U+00E1 (decimal 225)
   defining Unicode char U+00E2 (decimal 226)
   defining Unicode char U+00E3 (decimal 227)
   defining Unicode char U+00E4 (decimal 228)
   defining Unicode char U+00E5 (decimal 229)
   defining Unicode char U+00E6 (decimal 230)
   defining Unicode char U+00E7 (decimal 231)
   defining Unicode char U+00E8 (decimal 232)
   defining Unicode char U+00E9 (decimal 233)
   defining Unicode char U+00EA (decimal 234)
   defining Unicode char U+00EB (decimal 235)
   defining Unicode char U+00EC (decimal 236)
   defining Unicode char U+00ED (decimal 237)
   defining Unicode char U+00EE (decimal 238)
   defining Unicode char U+00EF (decimal 239)
   defining Unicode char U+00F0 (decimal 240)
   defining Unicode char U+00F1 (decimal 241)
   defining Unicode char U+00F2 (decimal 242)
   defining Unicode char U+00F3 (decimal 243)
   defining Unicode char U+00F4 (decimal 244)
   defining Unicode char U+00F5 (decimal 245)
   defining Unicode char U+00F6 (decimal 246)
   defining Unicode char U+00F8 (decimal 248)
   defining Unicode char U+00F9 (decimal 249)
   defining Unicode char U+00FA (decimal 250)
   defining Unicode char U+00FB (decimal 251)
   defining Unicode char U+00FC (decimal 252)
   defining Unicode char U+00FD (decimal 253)
   defining Unicode char U+00FE (decimal 254)
   defining Unicode char U+00FF (decimal 255)
   defining Unicode char U+0131 (decimal 305)
   defining Unicode char U+0141 (decimal 321)
   defining Unicode char U+0142 (decimal 322)
   defining Unicode char U+0152 (decimal 338)
   defining Unicode char U+0153 (decimal 339)
   defining Unicode char U+0160 (decimal 352)
   defining Unicode char U+0161 (decimal 353)
   defining Unicode char U+0174 (decimal 372)
   defining Unicode char U+0175 (decimal 373)
   defining Unicode char U+0176 (decimal 374)
   defining Unicode char U+0177 (decimal 375)
   defining Unicode char U+0178 (decimal 376)
   defining Unicode char U+017D (decimal 381)
   defining Unicode char U+017E (decimal 382)
   defining Unicode char U+0192 (decimal 402)
   defining Unicode char U+0218 (decimal 536)
   defining Unicode char U+0219 (decimal 537)
   defining Unicode char U+021A (decimal 538)
   defining Unicode char U+021B (decimal 539)
   defining Unicode char U+0237 (decimal 567)
   defining Unicode char U+02C6 (decimal 710)
   defining Unicode char U+02DC (decimal 732)
   defining Unicode char U+2013 (decimal 8211)
   defining Unicode char U+2014 (decimal 8212)
   defining Unicode char U+201C (decimal 8220)
   defining Unicode char U+201D (decimal 8221)
   defining Unicode char U+2020 (decimal 8224)
   defining Unicode char U+2021 (decimal 8225)
   defining Unicode char U+2022 (decimal 8226)
   defining Unicode char U+2026 (decimal 8230)
   defining Unicode char U+2030 (decimal 8240)
   defining Unicode char U+2039 (decimal 8249)
   defining Unicode char U+203A (decimal 8250)
   defining Unicode char U+2122 (decimal 8482)
   defining Unicode char U+FB00 (decimal 64256)
   defining Unicode char U+FB01 (decimal 64257)
   defining Unicode char U+FB02 (decimal 64258)
   defining Unicode char U+FB03 (decimal 64259)
   defining Unicode char U+FB04 (decimal 64260)
   defining Unicode char U+FB05 (decimal 64261)
   defining Unicode char U+FB06 (decimal 64262)
)))) (/home/petra/.TinyTeX/texmf-dist/tex/latex/framed/framed.sty
Package: framed 2011/10/22 v 0.96: framed or shaded text with page breaks
\OuterFrameSep=\skip65
\fb@frw=\dimen189
\fb@frh=\dimen190
\FrameRule=\dimen191
\FrameSep=\dimen192
) (/home/petra/.TinyTeX/texmf-dist/tex/latex/fancyhdr/fancyhdr.sty
Package: fancyhdr 2021/01/28 v4.0.1 Extensive control of page headers and footers
\f@nch@headwidth=\skip66
\f@nch@O@elh=\skip67
\f@nch@O@erh=\skip68
\f@nch@O@olh=\skip69
\f@nch@O@orh=\skip70
\f@nch@O@elf=\skip71
\f@nch@O@erf=\skip72
\f@nch@O@olf=\skip73
\f@nch@O@orf=\skip74
) (/home/petra/.TinyTeX/texmf-dist/tex/latex/l3backend/l3backend-pdftex.def
File: l3backend-pdftex.def 2022-04-20 L3 backend support: PDF output (pdfTeX)
\l__color_backend_stack_int=\count300
\l__pdf_internal_box=\box60
) (./01_FAIR_epi_report.aux)
\openout1 = `01_FAIR_epi_report.aux'.

LaTeX Font Info:    Checking defaults for OML/cmm/m/it on input line 129.
LaTeX Font Info:    ... okay on input line 129.
LaTeX Font Info:    Checking defaults for OMS/cmsy/m/n on input line 129.
LaTeX Font Info:    ... okay on input line 129.
LaTeX Font Info:    Checking defaults for OT1/cmr/m/n on input line 129.
LaTeX Font Info:    ... okay on input line 129.
LaTeX Font Info:    Checking defaults for T1/cmr/m/n on input line 129.
LaTeX Font Info:    ... okay on input line 129.
LaTeX Font Info:    Checking defaults for TS1/cmr/m/n on input line 129.
LaTeX Font Info:    ... okay on input line 129.
LaTeX Font Info:    Checking defaults for OMX/cmex/m/n on input line 129.
LaTeX Font Info:    ... okay on input line 129.
LaTeX Font Info:    Checking defaults for U/cmr/m/n on input line 129.
LaTeX Font Info:    ... okay on input line 129.
LaTeX Font Info:    Checking defaults for PD1/pdf/m/n on input line 129.
LaTeX Font Info:    ... okay on input line 129.
LaTeX Font Info:    Checking defaults for PU/pdf/m/n on input line 129.
LaTeX Font Info:    ... okay on input line 129.
LaTeX Font Info:    Checking defaults for LY1/ptm/m/n on input line 129.
LaTeX Font Info:    Trying to load font information for LY1+ptm on input line 129.
(/home/petra/.TinyTeX/texmf-dist/tex/latex/ly1/ly1ptm.fd
File: ly1ptm.fd 2001/02/01 font definitions for LY1/ptm using Berry names.
)
LaTeX Font Info:    ... okay on input line 129.
(/home/petra/.TinyTeX/texmf-dist/tex/latex/epstopdf-pkg/epstopdf-base.sty
Package: epstopdf-base 2020-01-24 v2.11 Base part for package epstopdf
Package epstopdf-base Info: Redefining graphics rule for `.eps' on input line 485.
(/home/petra/.TinyTeX/texmf-dist/tex/latex/latexconfig/epstopdf-sys.cfg
File: epstopdf-sys.cfg 2010/07/13 v1.3 Configuration of (r)epstopdf for TeX Live
))
Package hyperref Info: Link coloring OFF on input line 129.
(/home/petra/.TinyTeX/texmf-dist/tex/latex/hyperref/nameref.sty
Package: nameref 2021-04-02 v2.47 Cross-referencing by name of section
(/home/petra/.TinyTeX/texmf-dist/tex/latex/refcount/refcount.sty
Package: refcount 2019/12/15 v3.6 Data extraction from label references (HO)
) (/home/petra/.TinyTeX/texmf-dist/tex/generic/gettitlestring/gettitlestring.sty
Package: gettitlestring 2019/12/15 v1.6 Cleanup title references (HO)
)
\c@section@level=\count301
)
LaTeX Info: Redefining \ref on input line 129.
LaTeX Info: Redefining \pageref on input line 129.
LaTeX Info: Redefining \nameref on input line 129.
(./01_FAIR_epi_report.out) (./01_FAIR_epi_report.out)
\@outlinefile=\write3
\openout3 = `01_FAIR_epi_report.out'.

*geometry* driver: auto-detecting
*geometry* detected driver: pdftex
*geometry* verbose mode - [ preamble ] result:
* driver: pdftex
* paper: <default>
* layout: <same size as paper>
* layoutoffset:(h,v)=(0.0pt,0.0pt)
* modes: 
* h-part:(L,W,R)=(72.26999pt, 469.75502pt, 72.26999pt)
* v-part:(T,H,B)=(72.26999pt, 650.43001pt, 72.26999pt)
* \paperwidth=614.295pt
* \paperheight=794.96999pt
* \textwidth=469.75502pt
* \textheight=650.43001pt
* \oddsidemargin=0.0pt
* \evensidemargin=0.0pt
* \topmargin=-37.0pt
* \headheight=18.0pt
* \headsep=25.0pt
* \topskip=10.0pt
* \footskip=30.0pt
* \marginparwidth=65.0pt
* \marginparsep=11.0pt
* \columnsep=10.0pt
* \skip\footins=9.0pt plus 4.0pt minus 2.0pt
* \hoffset=0.0pt
* \voffset=0.0pt
* \mag=1000
* \@twocolumnfalse
* \@twosidefalse
* \@mparswitchfalse
* \@reversemarginfalse
* (1in=72.27pt=25.4mm, 1cm=28.453pt)

Package caption Info: Begin \AtBeginDocument code.
Package caption Info: End \AtBeginDocument code.
LaTeX Font Info:    Trying to load font information for OT1+lmr on input line 131.
(/home/petra/.TinyTeX/texmf-dist/tex/latex/lm/ot1lmr.fd
File: ot1lmr.fd 2015/05/01 v1.6.1 Font defs for Latin Modern
)
LaTeX Font Info:    Trying to load font information for OML+lmm on input line 131.
(/home/petra/.TinyTeX/texmf-dist/tex/latex/lm/omllmm.fd
File: omllmm.fd 2015/05/01 v1.6.1 Font defs for Latin Modern
)
LaTeX Font Info:    Trying to load font information for OMS+lmsy on input line 131.
(/home/petra/.TinyTeX/texmf-dist/tex/latex/lm/omslmsy.fd
File: omslmsy.fd 2015/05/01 v1.6.1 Font defs for Latin Modern
)
LaTeX Font Info:    Trying to load font information for OMX+lmex on input line 131.
(/home/petra/.TinyTeX/texmf-dist/tex/latex/lm/omxlmex.fd
File: omxlmex.fd 2015/05/01 v1.6.1 Font defs for Latin Modern
)
LaTeX Font Info:    External font `lmex10' loaded for size
(Font)              <17.28> on input line 131.
LaTeX Font Info:    External font `lmex10' loaded for size
(Font)              <12> on input line 131.
LaTeX Font Info:    External font `lmex10' loaded for size
(Font)              <10> on input line 131.
LaTeX Font Info:    Trying to load font information for U+msa on input line 131.
(/home/petra/.TinyTeX/texmf-dist/tex/latex/amsfonts/umsa.fd
File: umsa.fd 2013/01/14 v3.01 AMS symbols A
)
LaTeX Font Info:    Trying to load font information for U+msb on input line 131.
(/home/petra/.TinyTeX/texmf-dist/tex/latex/amsfonts/umsb.fd
File: umsb.fd 2013/01/14 v3.01 AMS symbols B
)
LaTeX Font Info:    External font `lmex10' loaded for size
(Font)              <8> on input line 131.
LaTeX Font Info:    External font `lmex10' loaded for size
(Font)              <6> on input line 131.
LaTeX Font Info:    External font `lmex10' loaded for size
(Font)              <5> on input line 131.
LaTeX Font Info:    External font `lmex10' loaded for size
(Font)              <7> on input line 198.
[1

{/home/petra/.TinyTeX/texmf-var/fonts/map/pdftex/updmap/pdftex.map}]
<../assets/logo.jpg, id=133, 376.40625pt x 376.40625pt>
File: ../assets/logo.jpg Graphic file (type jpg)
<use ../assets/logo.jpg>
Package pdftex.def Info: ../assets/logo.jpg  used on input line 286.
(pdftex.def)             Requested size: 34.1393pt x 34.1393pt.

Package fancyhdr Warning: \headheight is too small (18.0pt): 
(fancyhdr)                Make it at least 37.73933pt, for example:
(fancyhdr)                \setlength{\headheight}{37.73933pt}.
(fancyhdr)                You might also make \topmargin smaller to compensate:
(fancyhdr)                \addtolength{\topmargin}{-19.73933pt}.

[2 <../assets/logo.jpg>]
LaTeX Font Info:    Trying to load font information for T1+SourceCodePro-TLF on input line 332.
(/home/petra/.TinyTeX/texmf-dist/tex/latex/sourcecodepro/T1SourceCodePro-TLF.fd
File: T1SourceCodePro-TLF.fd 2018/02/18 (autoinst) Font definitions for T1/SourceCodePro-TLF.
)
LaTeX Font Info:    Font shape `T1/SourceCodePro-TLF/m/n' will be
(Font)              scaled to size 8.00003pt on input line 332.
File: ../assets/logo.jpg Graphic file (type jpg)
<use ../assets/logo.jpg>
Package pdftex.def Info: ../assets/logo.jpg  used on input line 375.
(pdftex.def)             Requested size: 34.1393pt x 34.1393pt.

Package fancyhdr Warning: \headheight is too small (18.0pt): 
(fancyhdr)                Make it at least 37.73933pt, for example:
(fancyhdr)                \setlength{\headheight}{37.73933pt}.
(fancyhdr)                You might also make \topmargin smaller to compensate:
(fancyhdr)                \addtolength{\topmargin}{-19.73933pt}.

[3]
Overfull \hbox (5.47011pt too wide) in paragraph at lines 397--398
 []\T1/lmr/m/n/10 ratio
 []

File: ../assets/logo.jpg Graphic file (type jpg)
<use ../assets/logo.jpg>
Package pdftex.def Info: ../assets/logo.jpg  used on input line 476.
(pdftex.def)             Requested size: 34.1393pt x 34.1393pt.

Package fancyhdr Warning: \headheight is too small (18.0pt): 
(fancyhdr)                Make it at least 37.73933pt, for example:
(fancyhdr)                \setlength{\headheight}{37.73933pt}.
(fancyhdr)                You might also make \topmargin smaller to compensate:
(fancyhdr)                \addtolength{\topmargin}{-19.73933pt}.

[4]
Overfull \hbox (1.99142pt too wide) in paragraph at lines 502--503
 []\T1/lmr/m/n/10 n
 []


Overfull \hbox (47.99023pt too wide) in paragraph at lines 504--505
 []\T1/lmr/m/n/10 share_method
 []


Overfull \hbox (1.43593pt too wide) in paragraph at lines 508--508
 []|\T1/lmr/m/n/10 1|
 []


Overfull \hbox (1.43593pt too wide) in paragraph at lines 510--510
 []|\T1/lmr/m/n/10 1|
 []


Overfull \hbox (1.43593pt too wide) in paragraph at lines 512--512
 []|\T1/lmr/m/n/10 1|
 []


Overfull \hbox (1.43593pt too wide) in paragraph at lines 513--513
 []|\T1/lmr/m/n/10 1|
 []


Overfull \hbox (1.43593pt too wide) in paragraph at lines 515--515
 []|\T1/lmr/m/n/10 1|
 []


Overfull \hbox (1.43593pt too wide) in paragraph at lines 522--522
 []|\T1/lmr/m/n/10 1|
 []


Overfull \hbox (1.43593pt too wide) in paragraph at lines 527--527
 []|\T1/lmr/m/n/10 1|
 []


Overfull \hbox (1.43593pt too wide) in paragraph at lines 529--529
 []|\T1/lmr/m/n/10 1|
 []


Overfull \hbox (1.43593pt too wide) in paragraph at lines 531--531
 []|\T1/lmr/m/n/10 1|
 []


Overfull \hbox (1.43593pt too wide) in paragraph at lines 533--533
 []|\T1/lmr/m/n/10 1|
 []


Overfull \hbox (1.43593pt too wide) in paragraph at lines 534--534
 []|\T1/lmr/m/n/10 1|
 []


Overfull \hbox (1.43593pt too wide) in paragraph at lines 537--537
 []|\T1/lmr/m/n/10 1|
 []

<01_FAIR_epi_report_files/figure-latex/unnamed-chunk-11-1.pdf, id=169, 722.7pt x 325.215pt>
File: 01_FAIR_epi_report_files/figure-latex/unnamed-chunk-11-1.pdf Graphic file (type pdf)
<use 01_FAIR_epi_report_files/figure-latex/unnamed-chunk-11-1.pdf>
Package pdftex.def Info: 01_FAIR_epi_report_files/figure-latex/unnamed-chunk-11-1.pdf  used on input line 548.
(pdftex.def)             Requested size: 469.76045pt x 211.3922pt.
File: ../assets/logo.jpg Graphic file (type jpg)
<use ../assets/logo.jpg>
Package pdftex.def Info: ../assets/logo.jpg  used on input line 564.
(pdftex.def)             Requested size: 34.1393pt x 34.1393pt.

Package fancyhdr Warning: \headheight is too small (18.0pt): 
(fancyhdr)                Make it at least 37.73933pt, for example:
(fancyhdr)                \setlength{\headheight}{37.73933pt}.
(fancyhdr)                You might also make \topmargin smaller to compensate:
(fancyhdr)                \addtolength{\topmargin}{-19.73933pt}.

[5]
File: ../assets/logo.jpg Graphic file (type jpg)
<use ../assets/logo.jpg>
Package pdftex.def Info: ../assets/logo.jpg  used on input line 618.
(pdftex.def)             Requested size: 34.1393pt x 34.1393pt.

Package fancyhdr Warning: \headheight is too small (18.0pt): 
(fancyhdr)                Make it at least 37.73933pt, for example:
(fancyhdr)                \setlength{\headheight}{37.73933pt}.
(fancyhdr)                You might also make \topmargin smaller to compensate:
(fancyhdr)                \addtolength{\topmargin}{-19.73933pt}.

[6 <./01_FAIR_epi_report_files/figure-latex/unnamed-chunk-11-1.pdf>]
Underfull \hbox (badness 10000) in paragraph at lines 618--618
[]\T1/SourceCodePro-TLF/m/n/10 (https://ec.europa.eu/research/participants/docs/h2020-funding-guide/cross-cutting-issues/open-
 []


Underfull \hbox (badness 1635) in paragraph at lines 620--626
[]\T1/lmr/bx/n/10 Commentary\T1/lmr/m/n/10 : Sev-eral of the part-ner projects fol-low the ERC data and open ac-cess poli-cies.
 []


Underfull \hbox (badness 1478) in paragraph at lines 620--626
\T1/lmr/m/n/10 More in-for-ma-tion on ERC Open Re-search Data and Data Man-age-ment Plans can be found at
 []


Underfull \hbox (badness 10000) in paragraph at lines 620--626
[]$\T1/lmr/m/n/10 https : / / erc . europa . eu / sites / default / ^^\les / document / ^^\le / ERC _ info _ document -[] Open _ Research _ Data _
 []


Overfull \hbox (9.17023pt too wide) in paragraph at lines 646--647
 []\T1/lmr/m/n/10 ratio
 []

File: ../assets/logo.jpg Graphic file (type jpg)
<use ../assets/logo.jpg>
Package pdftex.def Info: ../assets/logo.jpg  used on input line 702.
(pdftex.def)             Requested size: 34.1393pt x 34.1393pt.

Package fancyhdr Warning: \headheight is too small (18.0pt): 
(fancyhdr)                Make it at least 37.73933pt, for example:
(fancyhdr)                \setlength{\headheight}{37.73933pt}.
(fancyhdr)                You might also make \topmargin smaller to compensate:
(fancyhdr)                \addtolength{\topmargin}{-19.73933pt}.

[7]
Overfull \hbox (6.85918pt too wide) in paragraph at lines 720--721
 []\T1/lmr/m/n/10 ratio_all_proj
 []

File: ../assets/logo.jpg Graphic file (type jpg)
<use ../assets/logo.jpg>
Package pdftex.def Info: ../assets/logo.jpg  used on input line 789.
(pdftex.def)             Requested size: 34.1393pt x 34.1393pt.

Package fancyhdr Warning: \headheight is too small (18.0pt): 
(fancyhdr)                Make it at least 37.73933pt, for example:
(fancyhdr)                \setlength{\headheight}{37.73933pt}.
(fancyhdr)                You might also make \topmargin smaller to compensate:
(fancyhdr)                \addtolength{\topmargin}{-19.73933pt}.

[8]
File: ../assets/logo.jpg Graphic file (type jpg)
<use ../assets/logo.jpg>
Package pdftex.def Info: ../assets/logo.jpg  used on input line 856.
(pdftex.def)             Requested size: 34.1393pt x 34.1393pt.

Package fancyhdr Warning: \headheight is too small (18.0pt): 
(fancyhdr)                Make it at least 37.73933pt, for example:
(fancyhdr)                \setlength{\headheight}{37.73933pt}.
(fancyhdr)                You might also make \topmargin smaller to compensate:
(fancyhdr)                \addtolength{\topmargin}{-19.73933pt}.

[9]
Overfull \hbox (4.35463pt too wide) in paragraph at lines 893--894
 []\T1/lmr/m/n/10 ratio
 []


Overfull \hbox (21.9338pt too wide) in paragraph at lines 947--948
 []\T1/lmr/m/n/10 no_format
 []

File: ../assets/logo.jpg Graphic file (type jpg)
<use ../assets/logo.jpg>
Package pdftex.def Info: ../assets/logo.jpg  used on input line 967.
(pdftex.def)             Requested size: 34.1393pt x 34.1393pt.

Package fancyhdr Warning: \headheight is too small (18.0pt): 
(fancyhdr)                Make it at least 37.73933pt, for example:
(fancyhdr)                \setlength{\headheight}{37.73933pt}.
(fancyhdr)                You might also make \topmargin smaller to compensate:
(fancyhdr)                \addtolength{\topmargin}{-19.73933pt}.

[10]
File: ../assets/logo.jpg Graphic file (type jpg)
<use ../assets/logo.jpg>
Package pdftex.def Info: ../assets/logo.jpg  used on input line 1044.
(pdftex.def)             Requested size: 34.1393pt x 34.1393pt.

Package fancyhdr Warning: \headheight is too small (18.0pt): 
(fancyhdr)                Make it at least 37.73933pt, for example:
(fancyhdr)                \setlength{\headheight}{37.73933pt}.
(fancyhdr)                You might also make \topmargin smaller to compensate:
(fancyhdr)                \addtolength{\topmargin}{-19.73933pt}.

[11]
Overfull \hbox (1.01198pt too wide) in paragraph at lines 1070--1071
 []\T1/lmr/m/n/10 n
 []


Overfull \hbox (43.62355pt too wide) in paragraph at lines 1072--1073
 []\T1/lmr/m/n/10 share_method
 []

File: ../assets/logo.jpg Graphic file (type jpg)
<use ../assets/logo.jpg>
Package pdftex.def Info: ../assets/logo.jpg  used on input line 1111.
(pdftex.def)             Requested size: 34.1393pt x 34.1393pt.

Package fancyhdr Warning: \headheight is too small (18.0pt): 
(fancyhdr)                Make it at least 37.73933pt, for example:
(fancyhdr)                \setlength{\headheight}{37.73933pt}.
(fancyhdr)                You might also make \topmargin smaller to compensate:
(fancyhdr)                \addtolength{\topmargin}{-19.73933pt}.

[12]
File: ../assets/logo.jpg Graphic file (type jpg)
<use ../assets/logo.jpg>
Package pdftex.def Info: ../assets/logo.jpg  used on input line 1206.
(pdftex.def)             Requested size: 34.1393pt x 34.1393pt.

Package fancyhdr Warning: \headheight is too small (18.0pt): 
(fancyhdr)                Make it at least 37.73933pt, for example:
(fancyhdr)                \setlength{\headheight}{37.73933pt}.
(fancyhdr)                You might also make \topmargin smaller to compensate:
(fancyhdr)                \addtolength{\topmargin}{-19.73933pt}.

[13]
Overfull \hbox (4.85115pt too wide) in paragraph at lines 1246--1247
 []\T1/lmr/m/n/10 ratio
 []


Overfull \hbox (2.15767pt too wide) in paragraph at lines 1250--1250
 []|\T1/lmr/m/n/10 11|
 []

File: ../assets/logo.jpg Graphic file (type jpg)
<use ../assets/logo.jpg>
Package pdftex.def Info: ../assets/logo.jpg  used on input line 1289.
(pdftex.def)             Requested size: 34.1393pt x 34.1393pt.

Package fancyhdr Warning: \headheight is too small (18.0pt): 
(fancyhdr)                Make it at least 37.73933pt, for example:
(fancyhdr)                \setlength{\headheight}{37.73933pt}.
(fancyhdr)                You might also make \topmargin smaller to compensate:
(fancyhdr)                \addtolength{\topmargin}{-19.73933pt}.

[14]
<01_FAIR_epi_report_files/figure-latex/unnamed-chunk-36-1.pdf, id=263, 722.7pt x 325.215pt>
File: 01_FAIR_epi_report_files/figure-latex/unnamed-chunk-36-1.pdf Graphic file (type pdf)
<use 01_FAIR_epi_report_files/figure-latex/unnamed-chunk-36-1.pdf>
Package pdftex.def Info: 01_FAIR_epi_report_files/figure-latex/unnamed-chunk-36-1.pdf  used on input line 1323.
(pdftex.def)             Requested size: 469.76045pt x 211.3922pt.
<01_FAIR_epi_report_files/figure-latex/unnamed-chunk-38-1.pdf, id=264, 722.7pt x 325.215pt>
File: 01_FAIR_epi_report_files/figure-latex/unnamed-chunk-38-1.pdf Graphic file (type pdf)
<use 01_FAIR_epi_report_files/figure-latex/unnamed-chunk-38-1.pdf>
Package pdftex.def Info: 01_FAIR_epi_report_files/figure-latex/unnamed-chunk-38-1.pdf  used on input line 1345.
(pdftex.def)             Requested size: 469.76045pt x 211.3922pt.
File: ../assets/logo.jpg Graphic file (type jpg)
<use ../assets/logo.jpg>
Package pdftex.def Info: ../assets/logo.jpg  used on input line 1359.
(pdftex.def)             Requested size: 34.1393pt x 34.1393pt.

Package fancyhdr Warning: \headheight is too small (18.0pt): 
(fancyhdr)                Make it at least 37.73933pt, for example:
(fancyhdr)                \setlength{\headheight}{37.73933pt}.
(fancyhdr)                You might also make \topmargin smaller to compensate:
(fancyhdr)                \addtolength{\topmargin}{-19.73933pt}.

[15 <./01_FAIR_epi_report_files/figure-latex/unnamed-chunk-36-1.pdf>]
Overfull \hbox (5.55853pt too wide) in paragraph at lines 1401--1402
 []\T1/lmr/m/n/10 ratio
 []


Overfull \hbox (2.46375pt too wide) in paragraph at lines 1405--1405
 []|\T1/lmr/m/n/10 13|
 []

File: ../assets/logo.jpg Graphic file (type jpg)
<use ../assets/logo.jpg>
Package pdftex.def Info: ../assets/logo.jpg  used on input line 1423.
(pdftex.def)             Requested size: 34.1393pt x 34.1393pt.

Package fancyhdr Warning: \headheight is too small (18.0pt): 
(fancyhdr)                Make it at least 37.73933pt, for example:
(fancyhdr)                \setlength{\headheight}{37.73933pt}.
(fancyhdr)                You might also make \topmargin smaller to compensate:
(fancyhdr)                \addtolength{\topmargin}{-19.73933pt}.

[16 <./01_FAIR_epi_report_files/figure-latex/unnamed-chunk-38-1.pdf>]
File: ../assets/logo.jpg Graphic file (type jpg)
<use ../assets/logo.jpg>
Package pdftex.def Info: ../assets/logo.jpg  used on input line 1500.
(pdftex.def)             Requested size: 34.1393pt x 34.1393pt.

Package fancyhdr Warning: \headheight is too small (18.0pt): 
(fancyhdr)                Make it at least 37.73933pt, for example:
(fancyhdr)                \setlength{\headheight}{37.73933pt}.
(fancyhdr)                You might also make \topmargin smaller to compensate:
(fancyhdr)                \addtolength{\topmargin}{-19.73933pt}.

[17]
Overfull \hbox (36.4384pt too wide) in paragraph at lines 1536--1537
 []\T1/lmr/m/n/10 ratio_all_proj
 []


Overfull \hbox (4.51785pt too wide) in paragraph at lines 1541--1541
 []|\T1/lmr/m/n/10 10|
 []

File: ../assets/logo.jpg Graphic file (type jpg)
<use ../assets/logo.jpg>
Package pdftex.def Info: ../assets/logo.jpg  used on input line 1575.
(pdftex.def)             Requested size: 34.1393pt x 34.1393pt.

Package fancyhdr Warning: \headheight is too small (18.0pt): 
(fancyhdr)                Make it at least 37.73933pt, for example:
(fancyhdr)                \setlength{\headheight}{37.73933pt}.
(fancyhdr)                You might also make \topmargin smaller to compensate:
(fancyhdr)                \addtolength{\topmargin}{-19.73933pt}.

[18]
Overfull \hbox (12.50328pt too wide) in paragraph at lines 1662--1663
 []\T1/lmr/m/n/10 ratio_all_proj
 []

File: ../assets/logo.jpg Graphic file (type jpg)
<use ../assets/logo.jpg>
Package pdftex.def Info: ../assets/logo.jpg  used on input line 1683.
(pdftex.def)             Requested size: 34.1393pt x 34.1393pt.

Package fancyhdr Warning: \headheight is too small (18.0pt): 
(fancyhdr)                Make it at least 37.73933pt, for example:
(fancyhdr)                \setlength{\headheight}{37.73933pt}.
(fancyhdr)                You might also make \topmargin smaller to compensate:
(fancyhdr)                \addtolength{\topmargin}{-19.73933pt}.

[19]
Overfull \hbox (12.90459pt too wide) in paragraph at lines 1718--1719
 []\T1/lmr/m/n/10 ratio_all_proj
 []

File: ../assets/logo.jpg Graphic file (type jpg)
<use ../assets/logo.jpg>
Package pdftex.def Info: ../assets/logo.jpg  used on input line 1749.
(pdftex.def)             Requested size: 34.1393pt x 34.1393pt.

Package fancyhdr Warning: \headheight is too small (18.0pt): 
(fancyhdr)                Make it at least 37.73933pt, for example:
(fancyhdr)                \setlength{\headheight}{37.73933pt}.
(fancyhdr)                You might also make \topmargin smaller to compensate:
(fancyhdr)                \addtolength{\topmargin}{-19.73933pt}.

[20]
File: ../assets/logo.jpg Graphic file (type jpg)
<use ../assets/logo.jpg>
Package pdftex.def Info: ../assets/logo.jpg  used on input line 1818.
(pdftex.def)             Requested size: 34.1393pt x 34.1393pt.

Package fancyhdr Warning: \headheight is too small (18.0pt): 
(fancyhdr)                Make it at least 37.73933pt, for example:
(fancyhdr)                \setlength{\headheight}{37.73933pt}.
(fancyhdr)                You might also make \topmargin smaller to compensate:
(fancyhdr)                \addtolength{\topmargin}{-19.73933pt}.

[21]
Underfull \hbox (badness 10000) in paragraph at lines 1862--1866
[]$\T1/lmr/m/n/10 http : / / legacy . ariadne -[] infrastructure . eu / wp -[] content / uploads / 2019 / 01 / ARIADNE _ archaeological _
 []


Underfull \hbox (badness 1389) in paragraph at lines 1872--1876
[]\T1/lmr/m/n/10 Mullen A. & Bow-man A.K. (2021). Man-ual of Ro-man ev-ery-day writ-ing Vol-ume 1 Vol-ume 1.
 []


Underfull \hbox (badness 10000) in paragraph at lines 1872--1876
[]$\T1/lmr/m/n/10 https : / / latinnow . ^^\les . wordpress . com / 2021 / 11 / latinnow -[] mullen -[] and -[] bowman -[] 2021 -[] mrew -[] scripts -[] and -[]
 []

File: ../assets/logo.jpg Graphic file (type jpg)
<use ../assets/logo.jpg>
Package pdftex.def Info: ../assets/logo.jpg  used on input line 1915.
(pdftex.def)             Requested size: 34.1393pt x 34.1393pt.

Package fancyhdr Warning: \headheight is too small (18.0pt): 
(fancyhdr)                Make it at least 37.73933pt, for example:
(fancyhdr)                \setlength{\headheight}{37.73933pt}.
(fancyhdr)                You might also make \topmargin smaller to compensate:
(fancyhdr)                \addtolength{\topmargin}{-19.73933pt}.

[22]
File: ../assets/logo.jpg Graphic file (type jpg)
<use ../assets/logo.jpg>
Package pdftex.def Info: ../assets/logo.jpg  used on input line 1923.
(pdftex.def)             Requested size: 34.1393pt x 34.1393pt.

Package fancyhdr Warning: \headheight is too small (18.0pt): 
(fancyhdr)                Make it at least 37.73933pt, for example:
(fancyhdr)                \setlength{\headheight}{37.73933pt}.
(fancyhdr)                You might also make \topmargin smaller to compensate:
(fancyhdr)                \addtolength{\topmargin}{-19.73933pt}.

[23] (./01_FAIR_epi_report.aux)
Package rerunfilecheck Info: File `01_FAIR_epi_report.out' has not changed.
(rerunfilecheck)             Checksum: E6F1ADEEEAF9E3250C60678F45E4EA0E;3027.
 ) 
Here is how much of TeX's memory you used:
 13545 strings out of 480193
 217459 string characters out of 5892955
 516258 words of memory out of 5000000
 31176 multiletter control sequences out of 15000+600000
 538451 words of font info for 79 fonts, out of 8000000 for 9000
 14 hyphenation exceptions out of 8191
 60i,16n,65p,381b,584s stack positions out of 10000i,1000n,20000p,200000b,200000s
{/home/petra/.TinyTeX/texmf-dist/fonts/enc/dvips/sourcecodepro/a_lutrty.enc}{/home/petra/.TinyTeX/texmf-dist/fonts/enc/dvips/lm/lm-ec.enc}</home/petra/.TinyTeX/texmf-dist/fonts/type1/adobe/sourcecodepro/SourceCodePro-Regular.pfb></home/petra/.TinyTeX/texmf-dist/fonts/type1/public/lm/lmbx10.pfb></home/petra/.TinyTeX/texmf-dist/fonts/type1/public/lm/lmbx12.pfb></home/petra/.TinyTeX/texmf-dist/fonts/type1/public/lm/lmbx9.pfb></home/petra/.TinyTeX/texmf-dist/fonts/type1/public/lm/lmr10.pfb></home/petra/.TinyTeX/texmf-dist/fonts/type1/public/lm/lmr12.pfb></home/petra/.TinyTeX/texmf-dist/fonts/type1/public/lm/lmr17.pfb></home/petra/.TinyTeX/texmf-dist/fonts/type1/public/lm/lmr6.pfb></home/petra/.TinyTeX/texmf-dist/fonts/type1/public/lm/lmr8.pfb></home/petra/.TinyTeX/texmf-dist/fonts/type1/public/lm/lmr9.pfb></home/petra/.TinyTeX/texmf-dist/fonts/type1/public/lm/lmri10.pfb></home/petra/.TinyTeX/texmf-dist/fonts/type1/public/lm/lmro10.pfb>
Output written on 01_FAIR_epi_report.pdf (23 pages, 472120 bytes).
PDF statistics:
 430 PDF objects out of 1000 (max. 8388607)
 368 compressed objects within 4 object streams
 113 named destinations out of 1000 (max. 500000)
 181 words of extra memory for PDF output out of 10000 (max. 10000000)

